#
# A fatal error has been detected by the Java Runtime Environment:
#
#  EXCEPTION_ACCESS_VIOLATION (0xc0000005) at pc=0x00007fff23173416, pid=12420, tid=13636
#
# JRE version: OpenJDK Runtime Environment Temurin-11.0.15+10 (11.0.15+10) (build 11.0.15+10)
# Java VM: OpenJDK 64-Bit Server VM Temurin-11.0.15+10 (11.0.15+10, mixed mode, tiered, compressed oops, g1 gc, windows-amd64)
# Problematic frame:
# C  [ntdll.dll+0x63416]
#
# No core dump will be written. Minidumps are not enabled by default on client versions of Windows
#
# If you would like to submit a bug report, please visit:
#   https://github.com/adoptium/adoptium-support/issues
# The crash happened outside the Java Virtual Machine in native code.
# See problematic frame for where to report the bug.
#

---------------  S U M M A R Y ------------

Command Line: -Dfile.encoding=windows-1252 -Duser.country=BR -Duser.language=pt -Duser.variant MainKt

Host: Intel(R) Core(TM) i7-3770 CPU @ 3.40GHz, 8 cores, 15G,  Windows 10 , 64 bit Build 19041 (10.0.19041.1706)
Time: Sat May 28 15:02:00 2022 Hora oficial do Brasil elapsed time: 1.585385 seconds (0d 0h 0m 1s)

---------------  T H R E A D  ---------------

Current thread (0x0000025f52a1d800):  JavaThread "Thread-0" [_thread_in_native, id=13636, stack(0x000000eef8e00000,0x000000eef8f00000)]

Stack: [0x000000eef8e00000,0x000000eef8f00000],  sp=0x000000eef8efe8d0,  free space=1018k
Native frames: (J=compiled Java code, j=interpreted, Vv=VM code, C=native code)
C  [ntdll.dll+0x63416]
C  [ntdll.dll+0x2fcb4]
C  [ntdll.dll+0x2fae2]
C  0x00007fff11d0d65c

Java frames: (J=compiled Java code, j=interpreted, Vv=VM code)
j  sun.java2d.d3d.D3DSurfaceData.initOps(III)V+0 java.desktop@11.0.15
j  sun.java2d.d3d.D3DSurfaceData.<init>(Lsun/awt/windows/WComponentPeer;Lsun/java2d/d3d/D3DGraphicsConfig;IILjava/awt/Image;Ljava/awt/image/ColorModel;IILsun/java2d/pipe/hw/ExtendedBufferCapabilities$VSyncType;I)V+212 java.desktop@11.0.15
j  sun.java2d.d3d.D3DSurfaceData.createData(Lsun/awt/windows/WComponentPeer;Ljava/awt/Image;)Lsun/java2d/d3d/D3DSurfaceData;+117 java.desktop@11.0.15
j  sun.java2d.d3d.D3DVolatileSurfaceManager.initAcceleratedSurface()Lsun/java2d/SurfaceData;+68 java.desktop@11.0.15
j  sun.java2d.d3d.D3DVolatileSurfaceManager.restoreAcceleratedSurface()V+49 java.desktop@11.0.15
j  sun.awt.image.VolatileSurfaceManager.validate(Ljava/awt/GraphicsConfiguration;)I+94 java.desktop@11.0.15
j  sun.awt.image.SunVolatileImage.validate(Ljava/awt/GraphicsConfiguration;)I+5 java.desktop@11.0.15
j  java.awt.Component$FlipBufferStrategy.revalidate()V+85 java.desktop@11.0.15
j  java.awt.Component$FlipBufferStrategy.getDrawGraphics()Ljava/awt/Graphics;+1 java.desktop@11.0.15
j  Game.render()V+31
J 889% c2 Game.run()V (147 bytes) @ 0x0000025f35fa23d8 [0x0000025f35fa2360+0x0000000000000078]
j  java.lang.Thread.run()V+11 java.base@11.0.15
v  ~StubRoutines::call_stub

siginfo: EXCEPTION_ACCESS_VIOLATION (0xc0000005), writing address 0x0000000000000024


Register to memory mapping:

RIP=0x00007fff23173416 ntdll.dll
RAX=0x0 is NULL
RBX=0x0000025f4b1c7fe8 points into unknown readable memory: 0x0000000000000000 | 00 00 00 00 00 00 00 00
RCX=0x0000025f4b1c7fe8 points into unknown readable memory: 0x0000000000000000 | 00 00 00 00 00 00 00 00
RDX=0x00000000fffffffa is an unknown value
RSP=0x000000eef8efe8d0 is pointing into the stack for thread: 0x0000025f52a1d800
RBP=0x0000000000010000 is an unknown value
RSI=0x0 is NULL
RDI=0x0 is NULL
R8 =0x0 is NULL
R9 =0x0000025f4b1c7f00 points into unknown readable memory: 0x00007ffec5d2ba40 | 40 ba d2 c5 fe 7f 00 00
R10=0x0000025f4b684cd0 points into unknown readable memory: 0x0000001e00000003 | 03 00 00 00 1e 00 00 00
R11=0x0000025f4b5e90b0 points into unknown readable memory: 0x00007ffec6d73440 | 40 34 d7 c6 fe 7f 00 00
R12=0x0 is NULL
R13=0x000000eef70c3000 points into unknown readable memory: 0x0000000000000000 | 00 00 00 00 00 00 00 00
R14=0x0000000000000001 is an unknown value
R15=0x0 is NULL


Registers:
RAX=0x0000000000000000, RBX=0x0000025f4b1c7fe8, RCX=0x0000025f4b1c7fe8, RDX=0x00000000fffffffa
RSP=0x000000eef8efe8d0, RBP=0x0000000000010000, RSI=0x0000000000000000, RDI=0x0000000000000000
R8 =0x0000000000000000, R9 =0x0000025f4b1c7f00, R10=0x0000025f4b684cd0, R11=0x0000025f4b5e90b0
R12=0x0000000000000000, R13=0x000000eef70c3000, R14=0x0000000000000001, R15=0x0000000000000000
RIP=0x00007fff23173416, EFLAGS=0x0000000000010213

Top of Stack: (sp=0x000000eef8efe8d0)
0x000000eef8efe8d0:   ffffffffffffffff 0000025f4b1c7fe8
0x000000eef8efe8e0:   0000000000000000 000000eef8efe898
0x000000eef8efe8f0:   000000eef8efe8d9 00007ffec586ef90
0x000000eef8efe900:   0000025f24380200 0000000000000000
0x000000eef8efe910:   0000fdc2267af500 0000025ffffffffa
0x000000eef8efe920:   000000eef70c3000 00007ffec586ec55
0x000000eef8efe930:   0000025f245454f0 0000000000000000
0x000000eef8efe940:   0000025f52a1d800 00007ffec5b49c80
0x000000eef8efe950:   0000000000000000 00007ffec586ed05
0x000000eef8efe960:   0000140964ab6a6f 0000025f52a1d800
0x000000eef8efe970:   0000025f52a1d800 0000000000000001
0x000000eef8efe980:   0000000000000001 0000000000000001
0x000000eef8efe990:   0000000000000000 0000025f4b1c7fe8
0x000000eef8efe9a0:   0000000000010000 00007fff2313fcb4
0x000000eef8efe9b0:   000000ee0000000e 000000eef8efe340
0x000000eef8efe9c0:   00000000fffffffa 0000000000000000 

Instructions: (pc=0x00007fff23173416)
0x00007fff23173316:   20 e9 ed fe ff ff 48 89 41 18 e9 e4 fe ff ff cc
0x00007fff23173326:   cc cc cc cc cc cc cc cc cc cc 80 3d d1 71 10 00
0x00007fff23173336:   00 0f 95 c0 c3 cc cc cc cc cc cc cc cc cc cc cc
0x00007fff23173346:   cc cc cc cc cc cc cc cc cc cc 48 83 ec 38 8b 05
0x00007fff23173356:   d2 57 10 00 89 44 24 20 e8 41 02 00 00 48 83 c4
0x00007fff23173366:   38 c3 cc cc cc cc cc cc cc cc 48 89 5c 24 18 55
0x00007fff23173376:   56 57 41 54 41 55 41 56 41 57 48 81 ec a0 00 00
0x00007fff23173386:   00 48 8b 05 82 f1 11 00 48 33 c4 48 89 84 24 90
0x00007fff23173396:   00 00 00 65 4c 8b 2c 25 30 00 00 00 48 8d 05 4f
0x00007fff231733a6:   11 10 00 40 32 ed 89 54 24 48 33 f6 40 88 6c 24
0x00007fff231733b6:   40 4c 89 6c 24 50 48 8b d9 44 8b e6 48 3b c8 0f
0x00007fff231733c6:   84 39 01 00 00 40 38 35 36 71 10 00 0f 85 a8 01
0x00007fff231733d6:   00 00 39 35 4a 71 10 00 0f 85 6a 01 00 00 40 38
0x00007fff231733e6:   35 0d 6c 10 00 48 8d 3d 0e 6c 10 00 48 0f 45 fe
0x00007fff231733f6:   48 39 73 18 0f 84 d2 00 00 00 48 8b 03 48 83 f8
0x00007fff23173406:   ff 0f 84 d2 00 00 00 44 8b fe 48 83 f8 ff 74 03
0x00007fff23173416:   ff 40 24 4c 8b 73 18 4c 8d 2d d4 10 10 00 bd 22
0x00007fff23173426:   17 00 00 e8 22 14 fc ff 85 c0 0f 85 be b2 05 00
0x00007fff23173436:   b9 82 03 fe 7f 80 39 00 0f 85 cc b2 05 00 49 83
0x00007fff23173446:   fe ff 0f 85 5a b3 05 00 4c 8b cf c7 44 24 20 00
0x00007fff23173456:   00 00 00 41 b8 04 00 00 00 48 8d 54 24 48 48 8d
0x00007fff23173466:   4b 08 e8 37 01 00 00 3d 02 01 00 00 0f 84 43 b3
0x00007fff23173476:   05 00 8b 4b 08 89 4c 24 48 f6 c1 02 75 ca 3d 02
0x00007fff23173486:   01 00 00 0f 84 2c b3 05 00 0f b6 6c 24 40 4c 8b
0x00007fff23173496:   6c 24 50 85 c0 0f 88 78 b4 05 00 40 84 ed 75 73
0x00007fff231734a6:   48 8b 8c 24 90 00 00 00 48 33 cc e8 7a 8d 02 00
0x00007fff231734b6:   48 8b 9c 24 f0 00 00 00 48 81 c4 a0 00 00 00 41
0x00007fff231734c6:   5f 41 5e 41 5d 41 5c 5f 5e 5d c3 cc 48 8b cb e8
0x00007fff231734d6:   56 05 00 00 e9 21 ff ff ff 8b 4b 20 48 c7 c0 ff
0x00007fff231734e6:   ff ff ff 48 0f ba e1 18 0f 82 19 ff ff ff 48 8b
0x00007fff231734f6:   cb e8 44 e3 fa ff 48 8b 03 e9 09 ff ff ff c6 44
0x00007fff23173506:   24 40 01 41 c7 85 60 17 00 00 01 00 00 00 e9 b2 


Stack slot to memory mapping:
stack at sp + 0 slots: 0xffffffffffffffff is an unknown value
stack at sp + 1 slots: 0x0000025f4b1c7fe8 points into unknown readable memory: 0x0000000000000000 | 00 00 00 00 00 00 00 00
stack at sp + 2 slots: 0x0 is NULL
stack at sp + 3 slots: 0x000000eef8efe898 is pointing into the stack for thread: 0x0000025f52a1d800
stack at sp + 4 slots: 0x000000eef8efe8d9 is pointing into the stack for thread: 0x0000025f52a1d800
stack at sp + 5 slots: 0x00007ffec586ef90 jvm.dll
stack at sp + 6 slots: 0x0000025f24380200 points into unknown readable memory: 0x000000000000000c | 0c 00 00 00 00 00 00 00
stack at sp + 7 slots: 0x0 is NULL


---------------  P R O C E S S  ---------------

Threads class SMR info:
_java_thread_list=0x0000025f4b4e26c0, length=15, elements={
0x0000025f4a1f3000, 0x0000025f4a1f4000, 0x0000025f4aafc800, 0x0000025f4aaff000,
0x0000025f4ab00000, 0x0000025f4ab0c000, 0x0000025f4ab10800, 0x0000025f4ab1c800,
0x0000025f4ac7b000, 0x0000025f4b224800, 0x0000025f4b225000, 0x0000025f52c66800,
0x0000025f52a1d800, 0x0000025f24548000, 0x0000025f4b15a800
}

Java Threads: ( => current thread )
  0x0000025f4a1f3000 JavaThread "Reference Handler" daemon [_thread_blocked, id=10712, stack(0x000000eef7d00000,0x000000eef7e00000)]
  0x0000025f4a1f4000 JavaThread "Finalizer" daemon [_thread_blocked, id=8520, stack(0x000000eef7e00000,0x000000eef7f00000)]
  0x0000025f4aafc800 JavaThread "Signal Dispatcher" daemon [_thread_blocked, id=1048, stack(0x000000eef7f00000,0x000000eef8000000)]
  0x0000025f4aaff000 JavaThread "Attach Listener" daemon [_thread_blocked, id=12904, stack(0x000000eef8000000,0x000000eef8100000)]
  0x0000025f4ab00000 JavaThread "Service Thread" daemon [_thread_blocked, id=13784, stack(0x000000eef8100000,0x000000eef8200000)]
  0x0000025f4ab0c000 JavaThread "C2 CompilerThread0" daemon [_thread_blocked, id=12572, stack(0x000000eef8200000,0x000000eef8300000)]
  0x0000025f4ab10800 JavaThread "C1 CompilerThread0" daemon [_thread_blocked, id=9640, stack(0x000000eef8300000,0x000000eef8400000)]
  0x0000025f4ab1c800 JavaThread "Sweeper thread" daemon [_thread_blocked, id=5568, stack(0x000000eef8400000,0x000000eef8500000)]
  0x0000025f4ac7b000 JavaThread "Common-Cleaner" daemon [_thread_blocked, id=10920, stack(0x000000eef8600000,0x000000eef8700000)]
  0x0000025f4b224800 JavaThread "Java2D Disposer" daemon [_thread_blocked, id=10040, stack(0x000000eef8800000,0x000000eef8900000)]
  0x0000025f4b225000 JavaThread "AWT-Shutdown" [_thread_blocked, id=12988, stack(0x000000eef8900000,0x000000eef8a00000)]
  0x0000025f52c66800 JavaThread "AWT-EventQueue-0" [_thread_blocked, id=13336, stack(0x000000eef8d00000,0x000000eef8e00000)]
=>0x0000025f52a1d800 JavaThread "Thread-0" [_thread_in_native, id=13636, stack(0x000000eef8e00000,0x000000eef8f00000)]
  0x0000025f24548000 JavaThread "DestroyJavaVM" [_thread_blocked, id=9244, stack(0x000000eef7600000,0x000000eef7700000)]
  0x0000025f4b15a800 JavaThread "ToolkitShutdown" daemon [_thread_in_native, id=12816, stack(0x000000eef8700000,0x000000eef8800000)]

Other Threads:
  0x0000025f4a21e800 VMThread "VM Thread" [stack: 0x000000eef7c00000,0x000000eef7d00000] [id=12372]
  0x0000025f4ac71800 WatcherThread [stack: 0x000000eef8500000,0x000000eef8600000] [id=12340]
  0x0000025f2455f000 GCTaskThread "GC Thread#0" [stack: 0x000000eef7700000,0x000000eef7800000] [id=2328]
  0x0000025f245bb000 ConcurrentGCThread "G1 Main Marker" [stack: 0x000000eef7800000,0x000000eef7900000] [id=2096]
  0x0000025f245bf800 ConcurrentGCThread "G1 Conc#0" [stack: 0x000000eef7900000,0x000000eef7a00000] [id=13676]
  0x0000025f4a0d4000 ConcurrentGCThread "G1 Refine#0" [stack: 0x000000eef7a00000,0x000000eef7b00000] [id=12452]
  0x0000025f2462d800 ConcurrentGCThread "G1 Young RemSet Sampling" [stack: 0x000000eef7b00000,0x000000eef7c00000] [id=12080]

Threads with active compile tasks:

VM state:not at safepoint (normal execution)

VM Mutex/Monitor currently owned by a thread: None

Heap address: 0x0000000700e00000, size: 4082 MB, Compressed Oops mode: Zero based, Oop shift amount: 3
Narrow klass base: 0x0000000800000000, Narrow klass shift: 0
Compressed class space size: 1073741824 Address: 0x0000000800000000

Heap:
 garbage-first heap   total 262144K, used 14336K [0x0000000700e00000, 0x0000000800000000)
  region size 1024K, 13 young (13312K), 0 survivors (0K)
 Metaspace       used 14265K, capacity 14696K, committed 14848K, reserved 1062912K
  class space    used 1468K, capacity 1675K, committed 1792K, reserved 1048576K
Heap Regions: E=young(eden), S=young(survivor), O=old, HS=humongous(starts), HC=humongous(continues), CS=collection set, F=free, A=archive, TAMS=top-at-mark-start (previous, next)
|   0|0x0000000700e00000, 0x0000000700f00000, 0x0000000700f00000|100%|HS|  |TAMS 0x0000000700e00000, 0x0000000700e00000| Complete 
|   1|0x0000000700f00000, 0x0000000701000000, 0x0000000701000000|100%|HC|  |TAMS 0x0000000700f00000, 0x0000000700f00000| Complete 
|   2|0x0000000701000000, 0x0000000701000000, 0x0000000701100000|  0%| F|  |TAMS 0x0000000701000000, 0x0000000701000000| Untracked 
|   3|0x0000000701100000, 0x0000000701100000, 0x0000000701200000|  0%| F|  |TAMS 0x0000000701100000, 0x0000000701100000| Untracked 
|   4|0x0000000701200000, 0x0000000701200000, 0x0000000701300000|  0%| F|  |TAMS 0x0000000701200000, 0x0000000701200000| Untracked 
|   5|0x0000000701300000, 0x0000000701300000, 0x0000000701400000|  0%| F|  |TAMS 0x0000000701300000, 0x0000000701300000| Untracked 
|   6|0x0000000701400000, 0x0000000701400000, 0x0000000701500000|  0%| F|  |TAMS 0x0000000701400000, 0x0000000701400000| Untracked 
|   7|0x0000000701500000, 0x0000000701500000, 0x0000000701600000|  0%| F|  |TAMS 0x0000000701500000, 0x0000000701500000| Untracked 
|   8|0x0000000701600000, 0x0000000701600000, 0x0000000701700000|  0%| F|  |TAMS 0x0000000701600000, 0x0000000701600000| Untracked 
|   9|0x0000000701700000, 0x0000000701700000, 0x0000000701800000|  0%| F|  |TAMS 0x0000000701700000, 0x0000000701700000| Untracked 
|  10|0x0000000701800000, 0x0000000701800000, 0x0000000701900000|  0%| F|  |TAMS 0x0000000701800000, 0x0000000701800000| Untracked 
|  11|0x0000000701900000, 0x0000000701900000, 0x0000000701a00000|  0%| F|  |TAMS 0x0000000701900000, 0x0000000701900000| Untracked 
|  12|0x0000000701a00000, 0x0000000701a00000, 0x0000000701b00000|  0%| F|  |TAMS 0x0000000701a00000, 0x0000000701a00000| Untracked 
|  13|0x0000000701b00000, 0x0000000701b00000, 0x0000000701c00000|  0%| F|  |TAMS 0x0000000701b00000, 0x0000000701b00000| Untracked 
|  14|0x0000000701c00000, 0x0000000701c00000, 0x0000000701d00000|  0%| F|  |TAMS 0x0000000701c00000, 0x0000000701c00000| Untracked 
|  15|0x0000000701d00000, 0x0000000701d00000, 0x0000000701e00000|  0%| F|  |TAMS 0x0000000701d00000, 0x0000000701d00000| Untracked 
|  16|0x0000000701e00000, 0x0000000701e00000, 0x0000000701f00000|  0%| F|  |TAMS 0x0000000701e00000, 0x0000000701e00000| Untracked 
|  17|0x0000000701f00000, 0x0000000701f00000, 0x0000000702000000|  0%| F|  |TAMS 0x0000000701f00000, 0x0000000701f00000| Untracked 
|  18|0x0000000702000000, 0x0000000702000000, 0x0000000702100000|  0%| F|  |TAMS 0x0000000702000000, 0x0000000702000000| Untracked 
|  19|0x0000000702100000, 0x0000000702100000, 0x0000000702200000|  0%| F|  |TAMS 0x0000000702100000, 0x0000000702100000| Untracked 
|  20|0x0000000702200000, 0x0000000702200000, 0x0000000702300000|  0%| F|  |TAMS 0x0000000702200000, 0x0000000702200000| Untracked 
|  21|0x0000000702300000, 0x0000000702300000, 0x0000000702400000|  0%| F|  |TAMS 0x0000000702300000, 0x0000000702300000| Untracked 
|  22|0x0000000702400000, 0x0000000702400000, 0x0000000702500000|  0%| F|  |TAMS 0x0000000702400000, 0x0000000702400000| Untracked 
|  23|0x0000000702500000, 0x0000000702500000, 0x0000000702600000|  0%| F|  |TAMS 0x0000000702500000, 0x0000000702500000| Untracked 
|  24|0x0000000702600000, 0x0000000702600000, 0x0000000702700000|  0%| F|  |TAMS 0x0000000702600000, 0x0000000702600000| Untracked 
|  25|0x0000000702700000, 0x0000000702700000, 0x0000000702800000|  0%| F|  |TAMS 0x0000000702700000, 0x0000000702700000| Untracked 
|  26|0x0000000702800000, 0x0000000702800000, 0x0000000702900000|  0%| F|  |TAMS 0x0000000702800000, 0x0000000702800000| Untracked 
|  27|0x0000000702900000, 0x0000000702900000, 0x0000000702a00000|  0%| F|  |TAMS 0x0000000702900000, 0x0000000702900000| Untracked 
|  28|0x0000000702a00000, 0x0000000702a00000, 0x0000000702b00000|  0%| F|  |TAMS 0x0000000702a00000, 0x0000000702a00000| Untracked 
|  29|0x0000000702b00000, 0x0000000702b00000, 0x0000000702c00000|  0%| F|  |TAMS 0x0000000702b00000, 0x0000000702b00000| Untracked 
|  30|0x0000000702c00000, 0x0000000702c00000, 0x0000000702d00000|  0%| F|  |TAMS 0x0000000702c00000, 0x0000000702c00000| Untracked 
|  31|0x0000000702d00000, 0x0000000702d00000, 0x0000000702e00000|  0%| F|  |TAMS 0x0000000702d00000, 0x0000000702d00000| Untracked 
|  32|0x0000000702e00000, 0x0000000702e00000, 0x0000000702f00000|  0%| F|  |TAMS 0x0000000702e00000, 0x0000000702e00000| Untracked 
|  33|0x0000000702f00000, 0x0000000702f00000, 0x0000000703000000|  0%| F|  |TAMS 0x0000000702f00000, 0x0000000702f00000| Untracked 
|  34|0x0000000703000000, 0x0000000703000000, 0x0000000703100000|  0%| F|  |TAMS 0x0000000703000000, 0x0000000703000000| Untracked 
|  35|0x0000000703100000, 0x0000000703100000, 0x0000000703200000|  0%| F|  |TAMS 0x0000000703100000, 0x0000000703100000| Untracked 
|  36|0x0000000703200000, 0x0000000703200000, 0x0000000703300000|  0%| F|  |TAMS 0x0000000703200000, 0x0000000703200000| Untracked 
|  37|0x0000000703300000, 0x0000000703300000, 0x0000000703400000|  0%| F|  |TAMS 0x0000000703300000, 0x0000000703300000| Untracked 
|  38|0x0000000703400000, 0x0000000703400000, 0x0000000703500000|  0%| F|  |TAMS 0x0000000703400000, 0x0000000703400000| Untracked 
|  39|0x0000000703500000, 0x0000000703500000, 0x0000000703600000|  0%| F|  |TAMS 0x0000000703500000, 0x0000000703500000| Untracked 
|  40|0x0000000703600000, 0x0000000703600000, 0x0000000703700000|  0%| F|  |TAMS 0x0000000703600000, 0x0000000703600000| Untracked 
|  41|0x0000000703700000, 0x0000000703700000, 0x0000000703800000|  0%| F|  |TAMS 0x0000000703700000, 0x0000000703700000| Untracked 
|  42|0x0000000703800000, 0x0000000703800000, 0x0000000703900000|  0%| F|  |TAMS 0x0000000703800000, 0x0000000703800000| Untracked 
|  43|0x0000000703900000, 0x0000000703900000, 0x0000000703a00000|  0%| F|  |TAMS 0x0000000703900000, 0x0000000703900000| Untracked 
|  44|0x0000000703a00000, 0x0000000703a00000, 0x0000000703b00000|  0%| F|  |TAMS 0x0000000703a00000, 0x0000000703a00000| Untracked 
|  45|0x0000000703b00000, 0x0000000703b00000, 0x0000000703c00000|  0%| F|  |TAMS 0x0000000703b00000, 0x0000000703b00000| Untracked 
|  46|0x0000000703c00000, 0x0000000703c00000, 0x0000000703d00000|  0%| F|  |TAMS 0x0000000703c00000, 0x0000000703c00000| Untracked 
|  47|0x0000000703d00000, 0x0000000703d00000, 0x0000000703e00000|  0%| F|  |TAMS 0x0000000703d00000, 0x0000000703d00000| Untracked 
|  48|0x0000000703e00000, 0x0000000703e00000, 0x0000000703f00000|  0%| F|  |TAMS 0x0000000703e00000, 0x0000000703e00000| Untracked 
|  49|0x0000000703f00000, 0x0000000703f00000, 0x0000000704000000|  0%| F|  |TAMS 0x0000000703f00000, 0x0000000703f00000| Untracked 
|  50|0x0000000704000000, 0x0000000704000000, 0x0000000704100000|  0%| F|  |TAMS 0x0000000704000000, 0x0000000704000000| Untracked 
|  51|0x0000000704100000, 0x0000000704100000, 0x0000000704200000|  0%| F|  |TAMS 0x0000000704100000, 0x0000000704100000| Untracked 
|  52|0x0000000704200000, 0x0000000704200000, 0x0000000704300000|  0%| F|  |TAMS 0x0000000704200000, 0x0000000704200000| Untracked 
|  53|0x0000000704300000, 0x0000000704300000, 0x0000000704400000|  0%| F|  |TAMS 0x0000000704300000, 0x0000000704300000| Untracked 
|  54|0x0000000704400000, 0x0000000704400000, 0x0000000704500000|  0%| F|  |TAMS 0x0000000704400000, 0x0000000704400000| Untracked 
|  55|0x0000000704500000, 0x0000000704500000, 0x0000000704600000|  0%| F|  |TAMS 0x0000000704500000, 0x0000000704500000| Untracked 
|  56|0x0000000704600000, 0x0000000704600000, 0x0000000704700000|  0%| F|  |TAMS 0x0000000704600000, 0x0000000704600000| Untracked 
|  57|0x0000000704700000, 0x0000000704700000, 0x0000000704800000|  0%| F|  |TAMS 0x0000000704700000, 0x0000000704700000| Untracked 
|  58|0x0000000704800000, 0x0000000704800000, 0x0000000704900000|  0%| F|  |TAMS 0x0000000704800000, 0x0000000704800000| Untracked 
|  59|0x0000000704900000, 0x0000000704900000, 0x0000000704a00000|  0%| F|  |TAMS 0x0000000704900000, 0x0000000704900000| Untracked 
|  60|0x0000000704a00000, 0x0000000704a00000, 0x0000000704b00000|  0%| F|  |TAMS 0x0000000704a00000, 0x0000000704a00000| Untracked 
|  61|0x0000000704b00000, 0x0000000704b00000, 0x0000000704c00000|  0%| F|  |TAMS 0x0000000704b00000, 0x0000000704b00000| Untracked 
|  62|0x0000000704c00000, 0x0000000704c00000, 0x0000000704d00000|  0%| F|  |TAMS 0x0000000704c00000, 0x0000000704c00000| Untracked 
|  63|0x0000000704d00000, 0x0000000704d00000, 0x0000000704e00000|  0%| F|  |TAMS 0x0000000704d00000, 0x0000000704d00000| Untracked 
|  64|0x0000000704e00000, 0x0000000704e00000, 0x0000000704f00000|  0%| F|  |TAMS 0x0000000704e00000, 0x0000000704e00000| Untracked 
|  65|0x0000000704f00000, 0x0000000704f00000, 0x0000000705000000|  0%| F|  |TAMS 0x0000000704f00000, 0x0000000704f00000| Untracked 
|  66|0x0000000705000000, 0x0000000705000000, 0x0000000705100000|  0%| F|  |TAMS 0x0000000705000000, 0x0000000705000000| Untracked 
|  67|0x0000000705100000, 0x0000000705100000, 0x0000000705200000|  0%| F|  |TAMS 0x0000000705100000, 0x0000000705100000| Untracked 
|  68|0x0000000705200000, 0x0000000705200000, 0x0000000705300000|  0%| F|  |TAMS 0x0000000705200000, 0x0000000705200000| Untracked 
|  69|0x0000000705300000, 0x0000000705300000, 0x0000000705400000|  0%| F|  |TAMS 0x0000000705300000, 0x0000000705300000| Untracked 
|  70|0x0000000705400000, 0x0000000705400000, 0x0000000705500000|  0%| F|  |TAMS 0x0000000705400000, 0x0000000705400000| Untracked 
|  71|0x0000000705500000, 0x0000000705500000, 0x0000000705600000|  0%| F|  |TAMS 0x0000000705500000, 0x0000000705500000| Untracked 
|  72|0x0000000705600000, 0x0000000705600000, 0x0000000705700000|  0%| F|  |TAMS 0x0000000705600000, 0x0000000705600000| Untracked 
|  73|0x0000000705700000, 0x0000000705700000, 0x0000000705800000|  0%| F|  |TAMS 0x0000000705700000, 0x0000000705700000| Untracked 
|  74|0x0000000705800000, 0x0000000705800000, 0x0000000705900000|  0%| F|  |TAMS 0x0000000705800000, 0x0000000705800000| Untracked 
|  75|0x0000000705900000, 0x0000000705900000, 0x0000000705a00000|  0%| F|  |TAMS 0x0000000705900000, 0x0000000705900000| Untracked 
|  76|0x0000000705a00000, 0x0000000705a00000, 0x0000000705b00000|  0%| F|  |TAMS 0x0000000705a00000, 0x0000000705a00000| Untracked 
|  77|0x0000000705b00000, 0x0000000705b00000, 0x0000000705c00000|  0%| F|  |TAMS 0x0000000705b00000, 0x0000000705b00000| Untracked 
|  78|0x0000000705c00000, 0x0000000705c00000, 0x0000000705d00000|  0%| F|  |TAMS 0x0000000705c00000, 0x0000000705c00000| Untracked 
|  79|0x0000000705d00000, 0x0000000705d00000, 0x0000000705e00000|  0%| F|  |TAMS 0x0000000705d00000, 0x0000000705d00000| Untracked 
|  80|0x0000000705e00000, 0x0000000705e00000, 0x0000000705f00000|  0%| F|  |TAMS 0x0000000705e00000, 0x0000000705e00000| Untracked 
|  81|0x0000000705f00000, 0x0000000705f00000, 0x0000000706000000|  0%| F|  |TAMS 0x0000000705f00000, 0x0000000705f00000| Untracked 
|  82|0x0000000706000000, 0x0000000706000000, 0x0000000706100000|  0%| F|  |TAMS 0x0000000706000000, 0x0000000706000000| Untracked 
|  83|0x0000000706100000, 0x0000000706100000, 0x0000000706200000|  0%| F|  |TAMS 0x0000000706100000, 0x0000000706100000| Untracked 
|  84|0x0000000706200000, 0x0000000706200000, 0x0000000706300000|  0%| F|  |TAMS 0x0000000706200000, 0x0000000706200000| Untracked 
|  85|0x0000000706300000, 0x0000000706300000, 0x0000000706400000|  0%| F|  |TAMS 0x0000000706300000, 0x0000000706300000| Untracked 
|  86|0x0000000706400000, 0x0000000706400000, 0x0000000706500000|  0%| F|  |TAMS 0x0000000706400000, 0x0000000706400000| Untracked 
|  87|0x0000000706500000, 0x0000000706500000, 0x0000000706600000|  0%| F|  |TAMS 0x0000000706500000, 0x0000000706500000| Untracked 
|  88|0x0000000706600000, 0x0000000706600000, 0x0000000706700000|  0%| F|  |TAMS 0x0000000706600000, 0x0000000706600000| Untracked 
|  89|0x0000000706700000, 0x0000000706700000, 0x0000000706800000|  0%| F|  |TAMS 0x0000000706700000, 0x0000000706700000| Untracked 
|  90|0x0000000706800000, 0x0000000706800000, 0x0000000706900000|  0%| F|  |TAMS 0x0000000706800000, 0x0000000706800000| Untracked 
|  91|0x0000000706900000, 0x0000000706900000, 0x0000000706a00000|  0%| F|  |TAMS 0x0000000706900000, 0x0000000706900000| Untracked 
|  92|0x0000000706a00000, 0x0000000706a00000, 0x0000000706b00000|  0%| F|  |TAMS 0x0000000706a00000, 0x0000000706a00000| Untracked 
|  93|0x0000000706b00000, 0x0000000706b00000, 0x0000000706c00000|  0%| F|  |TAMS 0x0000000706b00000, 0x0000000706b00000| Untracked 
|  94|0x0000000706c00000, 0x0000000706c00000, 0x0000000706d00000|  0%| F|  |TAMS 0x0000000706c00000, 0x0000000706c00000| Untracked 
|  95|0x0000000706d00000, 0x0000000706d00000, 0x0000000706e00000|  0%| F|  |TAMS 0x0000000706d00000, 0x0000000706d00000| Untracked 
|  96|0x0000000706e00000, 0x0000000706e00000, 0x0000000706f00000|  0%| F|  |TAMS 0x0000000706e00000, 0x0000000706e00000| Untracked 
|  97|0x0000000706f00000, 0x0000000706f00000, 0x0000000707000000|  0%| F|  |TAMS 0x0000000706f00000, 0x0000000706f00000| Untracked 
|  98|0x0000000707000000, 0x0000000707000000, 0x0000000707100000|  0%| F|  |TAMS 0x0000000707000000, 0x0000000707000000| Untracked 
|  99|0x0000000707100000, 0x0000000707100000, 0x0000000707200000|  0%| F|  |TAMS 0x0000000707100000, 0x0000000707100000| Untracked 
| 100|0x0000000707200000, 0x0000000707200000, 0x0000000707300000|  0%| F|  |TAMS 0x0000000707200000, 0x0000000707200000| Untracked 
| 101|0x0000000707300000, 0x0000000707300000, 0x0000000707400000|  0%| F|  |TAMS 0x0000000707300000, 0x0000000707300000| Untracked 
| 102|0x0000000707400000, 0x0000000707400000, 0x0000000707500000|  0%| F|  |TAMS 0x0000000707400000, 0x0000000707400000| Untracked 
| 103|0x0000000707500000, 0x0000000707500000, 0x0000000707600000|  0%| F|  |TAMS 0x0000000707500000, 0x0000000707500000| Untracked 
| 104|0x0000000707600000, 0x0000000707600000, 0x0000000707700000|  0%| F|  |TAMS 0x0000000707600000, 0x0000000707600000| Untracked 
| 105|0x0000000707700000, 0x0000000707700000, 0x0000000707800000|  0%| F|  |TAMS 0x0000000707700000, 0x0000000707700000| Untracked 
| 106|0x0000000707800000, 0x0000000707800000, 0x0000000707900000|  0%| F|  |TAMS 0x0000000707800000, 0x0000000707800000| Untracked 
| 107|0x0000000707900000, 0x0000000707900000, 0x0000000707a00000|  0%| F|  |TAMS 0x0000000707900000, 0x0000000707900000| Untracked 
| 108|0x0000000707a00000, 0x0000000707a00000, 0x0000000707b00000|  0%| F|  |TAMS 0x0000000707a00000, 0x0000000707a00000| Untracked 
| 109|0x0000000707b00000, 0x0000000707b00000, 0x0000000707c00000|  0%| F|  |TAMS 0x0000000707b00000, 0x0000000707b00000| Untracked 
| 110|0x0000000707c00000, 0x0000000707c00000, 0x0000000707d00000|  0%| F|  |TAMS 0x0000000707c00000, 0x0000000707c00000| Untracked 
| 111|0x0000000707d00000, 0x0000000707d00000, 0x0000000707e00000|  0%| F|  |TAMS 0x0000000707d00000, 0x0000000707d00000| Untracked 
| 112|0x0000000707e00000, 0x0000000707e00000, 0x0000000707f00000|  0%| F|  |TAMS 0x0000000707e00000, 0x0000000707e00000| Untracked 
| 113|0x0000000707f00000, 0x0000000707f00000, 0x0000000708000000|  0%| F|  |TAMS 0x0000000707f00000, 0x0000000707f00000| Untracked 
| 114|0x0000000708000000, 0x0000000708000000, 0x0000000708100000|  0%| F|  |TAMS 0x0000000708000000, 0x0000000708000000| Untracked 
| 115|0x0000000708100000, 0x0000000708100000, 0x0000000708200000|  0%| F|  |TAMS 0x0000000708100000, 0x0000000708100000| Untracked 
| 116|0x0000000708200000, 0x0000000708200000, 0x0000000708300000|  0%| F|  |TAMS 0x0000000708200000, 0x0000000708200000| Untracked 
| 117|0x0000000708300000, 0x0000000708300000, 0x0000000708400000|  0%| F|  |TAMS 0x0000000708300000, 0x0000000708300000| Untracked 
| 118|0x0000000708400000, 0x0000000708400000, 0x0000000708500000|  0%| F|  |TAMS 0x0000000708400000, 0x0000000708400000| Untracked 
| 119|0x0000000708500000, 0x0000000708500000, 0x0000000708600000|  0%| F|  |TAMS 0x0000000708500000, 0x0000000708500000| Untracked 
| 120|0x0000000708600000, 0x0000000708600000, 0x0000000708700000|  0%| F|  |TAMS 0x0000000708600000, 0x0000000708600000| Untracked 
| 121|0x0000000708700000, 0x0000000708700000, 0x0000000708800000|  0%| F|  |TAMS 0x0000000708700000, 0x0000000708700000| Untracked 
| 122|0x0000000708800000, 0x0000000708800000, 0x0000000708900000|  0%| F|  |TAMS 0x0000000708800000, 0x0000000708800000| Untracked 
| 123|0x0000000708900000, 0x0000000708900000, 0x0000000708a00000|  0%| F|  |TAMS 0x0000000708900000, 0x0000000708900000| Untracked 
| 124|0x0000000708a00000, 0x0000000708a00000, 0x0000000708b00000|  0%| F|  |TAMS 0x0000000708a00000, 0x0000000708a00000| Untracked 
| 125|0x0000000708b00000, 0x0000000708b00000, 0x0000000708c00000|  0%| F|  |TAMS 0x0000000708b00000, 0x0000000708b00000| Untracked 
| 126|0x0000000708c00000, 0x0000000708c00000, 0x0000000708d00000|  0%| F|  |TAMS 0x0000000708c00000, 0x0000000708c00000| Untracked 
| 127|0x0000000708d00000, 0x0000000708d00000, 0x0000000708e00000|  0%| F|  |TAMS 0x0000000708d00000, 0x0000000708d00000| Untracked 
| 128|0x0000000708e00000, 0x0000000708e00000, 0x0000000708f00000|  0%| F|  |TAMS 0x0000000708e00000, 0x0000000708e00000| Untracked 
| 129|0x0000000708f00000, 0x0000000708f00000, 0x0000000709000000|  0%| F|  |TAMS 0x0000000708f00000, 0x0000000708f00000| Untracked 
| 130|0x0000000709000000, 0x0000000709000000, 0x0000000709100000|  0%| F|  |TAMS 0x0000000709000000, 0x0000000709000000| Untracked 
| 131|0x0000000709100000, 0x0000000709100000, 0x0000000709200000|  0%| F|  |TAMS 0x0000000709100000, 0x0000000709100000| Untracked 
| 132|0x0000000709200000, 0x0000000709200000, 0x0000000709300000|  0%| F|  |TAMS 0x0000000709200000, 0x0000000709200000| Untracked 
| 133|0x0000000709300000, 0x0000000709300000, 0x0000000709400000|  0%| F|  |TAMS 0x0000000709300000, 0x0000000709300000| Untracked 
| 134|0x0000000709400000, 0x0000000709400000, 0x0000000709500000|  0%| F|  |TAMS 0x0000000709400000, 0x0000000709400000| Untracked 
| 135|0x0000000709500000, 0x0000000709500000, 0x0000000709600000|  0%| F|  |TAMS 0x0000000709500000, 0x0000000709500000| Untracked 
| 136|0x0000000709600000, 0x0000000709600000, 0x0000000709700000|  0%| F|  |TAMS 0x0000000709600000, 0x0000000709600000| Untracked 
| 137|0x0000000709700000, 0x0000000709700000, 0x0000000709800000|  0%| F|  |TAMS 0x0000000709700000, 0x0000000709700000| Untracked 
| 138|0x0000000709800000, 0x0000000709800000, 0x0000000709900000|  0%| F|  |TAMS 0x0000000709800000, 0x0000000709800000| Untracked 
| 139|0x0000000709900000, 0x0000000709900000, 0x0000000709a00000|  0%| F|  |TAMS 0x0000000709900000, 0x0000000709900000| Untracked 
| 140|0x0000000709a00000, 0x0000000709a00000, 0x0000000709b00000|  0%| F|  |TAMS 0x0000000709a00000, 0x0000000709a00000| Untracked 
| 141|0x0000000709b00000, 0x0000000709b00000, 0x0000000709c00000|  0%| F|  |TAMS 0x0000000709b00000, 0x0000000709b00000| Untracked 
| 142|0x0000000709c00000, 0x0000000709c00000, 0x0000000709d00000|  0%| F|  |TAMS 0x0000000709c00000, 0x0000000709c00000| Untracked 
| 143|0x0000000709d00000, 0x0000000709d00000, 0x0000000709e00000|  0%| F|  |TAMS 0x0000000709d00000, 0x0000000709d00000| Untracked 
| 144|0x0000000709e00000, 0x0000000709e00000, 0x0000000709f00000|  0%| F|  |TAMS 0x0000000709e00000, 0x0000000709e00000| Untracked 
| 145|0x0000000709f00000, 0x0000000709f00000, 0x000000070a000000|  0%| F|  |TAMS 0x0000000709f00000, 0x0000000709f00000| Untracked 
| 146|0x000000070a000000, 0x000000070a000000, 0x000000070a100000|  0%| F|  |TAMS 0x000000070a000000, 0x000000070a000000| Untracked 
| 147|0x000000070a100000, 0x000000070a100000, 0x000000070a200000|  0%| F|  |TAMS 0x000000070a100000, 0x000000070a100000| Untracked 
| 148|0x000000070a200000, 0x000000070a200000, 0x000000070a300000|  0%| F|  |TAMS 0x000000070a200000, 0x000000070a200000| Untracked 
| 149|0x000000070a300000, 0x000000070a300000, 0x000000070a400000|  0%| F|  |TAMS 0x000000070a300000, 0x000000070a300000| Untracked 
| 150|0x000000070a400000, 0x000000070a400000, 0x000000070a500000|  0%| F|  |TAMS 0x000000070a400000, 0x000000070a400000| Untracked 
| 151|0x000000070a500000, 0x000000070a500000, 0x000000070a600000|  0%| F|  |TAMS 0x000000070a500000, 0x000000070a500000| Untracked 
| 152|0x000000070a600000, 0x000000070a600000, 0x000000070a700000|  0%| F|  |TAMS 0x000000070a600000, 0x000000070a600000| Untracked 
| 153|0x000000070a700000, 0x000000070a700000, 0x000000070a800000|  0%| F|  |TAMS 0x000000070a700000, 0x000000070a700000| Untracked 
| 154|0x000000070a800000, 0x000000070a800000, 0x000000070a900000|  0%| F|  |TAMS 0x000000070a800000, 0x000000070a800000| Untracked 
| 155|0x000000070a900000, 0x000000070a900000, 0x000000070aa00000|  0%| F|  |TAMS 0x000000070a900000, 0x000000070a900000| Untracked 
| 156|0x000000070aa00000, 0x000000070aa00000, 0x000000070ab00000|  0%| F|  |TAMS 0x000000070aa00000, 0x000000070aa00000| Untracked 
| 157|0x000000070ab00000, 0x000000070ab00000, 0x000000070ac00000|  0%| F|  |TAMS 0x000000070ab00000, 0x000000070ab00000| Untracked 
| 158|0x000000070ac00000, 0x000000070ac00000, 0x000000070ad00000|  0%| F|  |TAMS 0x000000070ac00000, 0x000000070ac00000| Untracked 
| 159|0x000000070ad00000, 0x000000070ad00000, 0x000000070ae00000|  0%| F|  |TAMS 0x000000070ad00000, 0x000000070ad00000| Untracked 
| 160|0x000000070ae00000, 0x000000070ae00000, 0x000000070af00000|  0%| F|  |TAMS 0x000000070ae00000, 0x000000070ae00000| Untracked 
| 161|0x000000070af00000, 0x000000070af00000, 0x000000070b000000|  0%| F|  |TAMS 0x000000070af00000, 0x000000070af00000| Untracked 
| 162|0x000000070b000000, 0x000000070b000000, 0x000000070b100000|  0%| F|  |TAMS 0x000000070b000000, 0x000000070b000000| Untracked 
| 163|0x000000070b100000, 0x000000070b100000, 0x000000070b200000|  0%| F|  |TAMS 0x000000070b100000, 0x000000070b100000| Untracked 
| 164|0x000000070b200000, 0x000000070b200000, 0x000000070b300000|  0%| F|  |TAMS 0x000000070b200000, 0x000000070b200000| Untracked 
| 165|0x000000070b300000, 0x000000070b300000, 0x000000070b400000|  0%| F|  |TAMS 0x000000070b300000, 0x000000070b300000| Untracked 
| 166|0x000000070b400000, 0x000000070b400000, 0x000000070b500000|  0%| F|  |TAMS 0x000000070b400000, 0x000000070b400000| Untracked 
| 167|0x000000070b500000, 0x000000070b500000, 0x000000070b600000|  0%| F|  |TAMS 0x000000070b500000, 0x000000070b500000| Untracked 
| 168|0x000000070b600000, 0x000000070b600000, 0x000000070b700000|  0%| F|  |TAMS 0x000000070b600000, 0x000000070b600000| Untracked 
| 169|0x000000070b700000, 0x000000070b700000, 0x000000070b800000|  0%| F|  |TAMS 0x000000070b700000, 0x000000070b700000| Untracked 
| 170|0x000000070b800000, 0x000000070b800000, 0x000000070b900000|  0%| F|  |TAMS 0x000000070b800000, 0x000000070b800000| Untracked 
| 171|0x000000070b900000, 0x000000070b900000, 0x000000070ba00000|  0%| F|  |TAMS 0x000000070b900000, 0x000000070b900000| Untracked 
| 172|0x000000070ba00000, 0x000000070ba00000, 0x000000070bb00000|  0%| F|  |TAMS 0x000000070ba00000, 0x000000070ba00000| Untracked 
| 173|0x000000070bb00000, 0x000000070bb00000, 0x000000070bc00000|  0%| F|  |TAMS 0x000000070bb00000, 0x000000070bb00000| Untracked 
| 174|0x000000070bc00000, 0x000000070bc00000, 0x000000070bd00000|  0%| F|  |TAMS 0x000000070bc00000, 0x000000070bc00000| Untracked 
| 175|0x000000070bd00000, 0x000000070bd00000, 0x000000070be00000|  0%| F|  |TAMS 0x000000070bd00000, 0x000000070bd00000| Untracked 
| 176|0x000000070be00000, 0x000000070be00000, 0x000000070bf00000|  0%| F|  |TAMS 0x000000070be00000, 0x000000070be00000| Untracked 
| 177|0x000000070bf00000, 0x000000070bf00000, 0x000000070c000000|  0%| F|  |TAMS 0x000000070bf00000, 0x000000070bf00000| Untracked 
| 178|0x000000070c000000, 0x000000070c000000, 0x000000070c100000|  0%| F|  |TAMS 0x000000070c000000, 0x000000070c000000| Untracked 
| 179|0x000000070c100000, 0x000000070c100000, 0x000000070c200000|  0%| F|  |TAMS 0x000000070c100000, 0x000000070c100000| Untracked 
| 180|0x000000070c200000, 0x000000070c200000, 0x000000070c300000|  0%| F|  |TAMS 0x000000070c200000, 0x000000070c200000| Untracked 
| 181|0x000000070c300000, 0x000000070c300000, 0x000000070c400000|  0%| F|  |TAMS 0x000000070c300000, 0x000000070c300000| Untracked 
| 182|0x000000070c400000, 0x000000070c400000, 0x000000070c500000|  0%| F|  |TAMS 0x000000070c400000, 0x000000070c400000| Untracked 
| 183|0x000000070c500000, 0x000000070c500000, 0x000000070c600000|  0%| F|  |TAMS 0x000000070c500000, 0x000000070c500000| Untracked 
| 184|0x000000070c600000, 0x000000070c600000, 0x000000070c700000|  0%| F|  |TAMS 0x000000070c600000, 0x000000070c600000| Untracked 
| 185|0x000000070c700000, 0x000000070c700000, 0x000000070c800000|  0%| F|  |TAMS 0x000000070c700000, 0x000000070c700000| Untracked 
| 186|0x000000070c800000, 0x000000070c800000, 0x000000070c900000|  0%| F|  |TAMS 0x000000070c800000, 0x000000070c800000| Untracked 
| 187|0x000000070c900000, 0x000000070c900000, 0x000000070ca00000|  0%| F|  |TAMS 0x000000070c900000, 0x000000070c900000| Untracked 
| 188|0x000000070ca00000, 0x000000070ca00000, 0x000000070cb00000|  0%| F|  |TAMS 0x000000070ca00000, 0x000000070ca00000| Untracked 
| 189|0x000000070cb00000, 0x000000070cb00000, 0x000000070cc00000|  0%| F|  |TAMS 0x000000070cb00000, 0x000000070cb00000| Untracked 
| 190|0x000000070cc00000, 0x000000070cc00000, 0x000000070cd00000|  0%| F|  |TAMS 0x000000070cc00000, 0x000000070cc00000| Untracked 
| 191|0x000000070cd00000, 0x000000070cd00000, 0x000000070ce00000|  0%| F|  |TAMS 0x000000070cd00000, 0x000000070cd00000| Untracked 
| 192|0x000000070ce00000, 0x000000070ce00000, 0x000000070cf00000|  0%| F|  |TAMS 0x000000070ce00000, 0x000000070ce00000| Untracked 
| 193|0x000000070cf00000, 0x000000070cf00000, 0x000000070d000000|  0%| F|  |TAMS 0x000000070cf00000, 0x000000070cf00000| Untracked 
| 194|0x000000070d000000, 0x000000070d000000, 0x000000070d100000|  0%| F|  |TAMS 0x000000070d000000, 0x000000070d000000| Untracked 
| 195|0x000000070d100000, 0x000000070d100000, 0x000000070d200000|  0%| F|  |TAMS 0x000000070d100000, 0x000000070d100000| Untracked 
| 196|0x000000070d200000, 0x000000070d200000, 0x000000070d300000|  0%| F|  |TAMS 0x000000070d200000, 0x000000070d200000| Untracked 
| 197|0x000000070d300000, 0x000000070d300000, 0x000000070d400000|  0%| F|  |TAMS 0x000000070d300000, 0x000000070d300000| Untracked 
| 198|0x000000070d400000, 0x000000070d400000, 0x000000070d500000|  0%| F|  |TAMS 0x000000070d400000, 0x000000070d400000| Untracked 
| 199|0x000000070d500000, 0x000000070d500000, 0x000000070d600000|  0%| F|  |TAMS 0x000000070d500000, 0x000000070d500000| Untracked 
| 200|0x000000070d600000, 0x000000070d600000, 0x000000070d700000|  0%| F|  |TAMS 0x000000070d600000, 0x000000070d600000| Untracked 
| 201|0x000000070d700000, 0x000000070d700000, 0x000000070d800000|  0%| F|  |TAMS 0x000000070d700000, 0x000000070d700000| Untracked 
| 202|0x000000070d800000, 0x000000070d800000, 0x000000070d900000|  0%| F|  |TAMS 0x000000070d800000, 0x000000070d800000| Untracked 
| 203|0x000000070d900000, 0x000000070d900000, 0x000000070da00000|  0%| F|  |TAMS 0x000000070d900000, 0x000000070d900000| Untracked 
| 204|0x000000070da00000, 0x000000070da00000, 0x000000070db00000|  0%| F|  |TAMS 0x000000070da00000, 0x000000070da00000| Untracked 
| 205|0x000000070db00000, 0x000000070db00000, 0x000000070dc00000|  0%| F|  |TAMS 0x000000070db00000, 0x000000070db00000| Untracked 
| 206|0x000000070dc00000, 0x000000070dc00000, 0x000000070dd00000|  0%| F|  |TAMS 0x000000070dc00000, 0x000000070dc00000| Untracked 
| 207|0x000000070dd00000, 0x000000070dd00000, 0x000000070de00000|  0%| F|  |TAMS 0x000000070dd00000, 0x000000070dd00000| Untracked 
| 208|0x000000070de00000, 0x000000070de00000, 0x000000070df00000|  0%| F|  |TAMS 0x000000070de00000, 0x000000070de00000| Untracked 
| 209|0x000000070df00000, 0x000000070df00000, 0x000000070e000000|  0%| F|  |TAMS 0x000000070df00000, 0x000000070df00000| Untracked 
| 210|0x000000070e000000, 0x000000070e000000, 0x000000070e100000|  0%| F|  |TAMS 0x000000070e000000, 0x000000070e000000| Untracked 
| 211|0x000000070e100000, 0x000000070e100000, 0x000000070e200000|  0%| F|  |TAMS 0x000000070e100000, 0x000000070e100000| Untracked 
| 212|0x000000070e200000, 0x000000070e200000, 0x000000070e300000|  0%| F|  |TAMS 0x000000070e200000, 0x000000070e200000| Untracked 
| 213|0x000000070e300000, 0x000000070e300000, 0x000000070e400000|  0%| F|  |TAMS 0x000000070e300000, 0x000000070e300000| Untracked 
| 214|0x000000070e400000, 0x000000070e400000, 0x000000070e500000|  0%| F|  |TAMS 0x000000070e400000, 0x000000070e400000| Untracked 
| 215|0x000000070e500000, 0x000000070e500000, 0x000000070e600000|  0%| F|  |TAMS 0x000000070e500000, 0x000000070e500000| Untracked 
| 216|0x000000070e600000, 0x000000070e600000, 0x000000070e700000|  0%| F|  |TAMS 0x000000070e600000, 0x000000070e600000| Untracked 
| 217|0x000000070e700000, 0x000000070e700000, 0x000000070e800000|  0%| F|  |TAMS 0x000000070e700000, 0x000000070e700000| Untracked 
| 218|0x000000070e800000, 0x000000070e800000, 0x000000070e900000|  0%| F|  |TAMS 0x000000070e800000, 0x000000070e800000| Untracked 
| 219|0x000000070e900000, 0x000000070e900000, 0x000000070ea00000|  0%| F|  |TAMS 0x000000070e900000, 0x000000070e900000| Untracked 
| 220|0x000000070ea00000, 0x000000070ea00000, 0x000000070eb00000|  0%| F|  |TAMS 0x000000070ea00000, 0x000000070ea00000| Untracked 
| 221|0x000000070eb00000, 0x000000070eb00000, 0x000000070ec00000|  0%| F|  |TAMS 0x000000070eb00000, 0x000000070eb00000| Untracked 
| 222|0x000000070ec00000, 0x000000070ec00000, 0x000000070ed00000|  0%| F|  |TAMS 0x000000070ec00000, 0x000000070ec00000| Untracked 
| 223|0x000000070ed00000, 0x000000070ed00000, 0x000000070ee00000|  0%| F|  |TAMS 0x000000070ed00000, 0x000000070ed00000| Untracked 
| 224|0x000000070ee00000, 0x000000070ee00000, 0x000000070ef00000|  0%| F|  |TAMS 0x000000070ee00000, 0x000000070ee00000| Untracked 
| 225|0x000000070ef00000, 0x000000070ef00000, 0x000000070f000000|  0%| F|  |TAMS 0x000000070ef00000, 0x000000070ef00000| Untracked 
| 226|0x000000070f000000, 0x000000070f000000, 0x000000070f100000|  0%| F|  |TAMS 0x000000070f000000, 0x000000070f000000| Untracked 
| 227|0x000000070f100000, 0x000000070f100000, 0x000000070f200000|  0%| F|  |TAMS 0x000000070f100000, 0x000000070f100000| Untracked 
| 228|0x000000070f200000, 0x000000070f200000, 0x000000070f300000|  0%| F|  |TAMS 0x000000070f200000, 0x000000070f200000| Untracked 
| 229|0x000000070f300000, 0x000000070f300000, 0x000000070f400000|  0%| F|  |TAMS 0x000000070f300000, 0x000000070f300000| Untracked 
| 230|0x000000070f400000, 0x000000070f400000, 0x000000070f500000|  0%| F|  |TAMS 0x000000070f400000, 0x000000070f400000| Untracked 
| 231|0x000000070f500000, 0x000000070f500000, 0x000000070f600000|  0%| F|  |TAMS 0x000000070f500000, 0x000000070f500000| Untracked 
| 232|0x000000070f600000, 0x000000070f600000, 0x000000070f700000|  0%| F|  |TAMS 0x000000070f600000, 0x000000070f600000| Untracked 
| 233|0x000000070f700000, 0x000000070f700000, 0x000000070f800000|  0%| F|  |TAMS 0x000000070f700000, 0x000000070f700000| Untracked 
| 234|0x000000070f800000, 0x000000070f800000, 0x000000070f900000|  0%| F|  |TAMS 0x000000070f800000, 0x000000070f800000| Untracked 
| 235|0x000000070f900000, 0x000000070f900000, 0x000000070fa00000|  0%| F|  |TAMS 0x000000070f900000, 0x000000070f900000| Untracked 
| 236|0x000000070fa00000, 0x000000070fa00000, 0x000000070fb00000|  0%| F|  |TAMS 0x000000070fa00000, 0x000000070fa00000| Untracked 
| 237|0x000000070fb00000, 0x000000070fb00000, 0x000000070fc00000|  0%| F|  |TAMS 0x000000070fb00000, 0x000000070fb00000| Untracked 
| 238|0x000000070fc00000, 0x000000070fc00000, 0x000000070fd00000|  0%| F|  |TAMS 0x000000070fc00000, 0x000000070fc00000| Untracked 
| 239|0x000000070fd00000, 0x000000070fd00000, 0x000000070fe00000|  0%| F|  |TAMS 0x000000070fd00000, 0x000000070fd00000| Untracked 
| 240|0x000000070fe00000, 0x000000070fe00000, 0x000000070ff00000|  0%| F|  |TAMS 0x000000070fe00000, 0x000000070fe00000| Untracked 
| 241|0x000000070ff00000, 0x000000070ff00000, 0x0000000710000000|  0%| F|  |TAMS 0x000000070ff00000, 0x000000070ff00000| Untracked 
| 242|0x0000000710000000, 0x0000000710000000, 0x0000000710100000|  0%| F|  |TAMS 0x0000000710000000, 0x0000000710000000| Untracked 
| 243|0x0000000710100000, 0x0000000710100800, 0x0000000710200000|  0%| E|  |TAMS 0x0000000710100000, 0x0000000710100000| Complete 
| 244|0x0000000710200000, 0x0000000710300000, 0x0000000710300000|100%| E|CS|TAMS 0x0000000710200000, 0x0000000710200000| Complete 
| 245|0x0000000710300000, 0x0000000710400000, 0x0000000710400000|100%| E|CS|TAMS 0x0000000710300000, 0x0000000710300000| Complete 
| 246|0x0000000710400000, 0x0000000710500000, 0x0000000710500000|100%| E|CS|TAMS 0x0000000710400000, 0x0000000710400000| Complete 
| 247|0x0000000710500000, 0x0000000710600000, 0x0000000710600000|100%| E|CS|TAMS 0x0000000710500000, 0x0000000710500000| Complete 
| 248|0x0000000710600000, 0x0000000710700000, 0x0000000710700000|100%| E|CS|TAMS 0x0000000710600000, 0x0000000710600000| Complete 
| 249|0x0000000710700000, 0x0000000710800000, 0x0000000710800000|100%| E|CS|TAMS 0x0000000710700000, 0x0000000710700000| Complete 
| 250|0x0000000710800000, 0x0000000710900000, 0x0000000710900000|100%| E|CS|TAMS 0x0000000710800000, 0x0000000710800000| Complete 
| 251|0x0000000710900000, 0x0000000710a00000, 0x0000000710a00000|100%| E|CS|TAMS 0x0000000710900000, 0x0000000710900000| Complete 
| 252|0x0000000710a00000, 0x0000000710b00000, 0x0000000710b00000|100%| E|CS|TAMS 0x0000000710a00000, 0x0000000710a00000| Complete 
| 253|0x0000000710b00000, 0x0000000710c00000, 0x0000000710c00000|100%| E|CS|TAMS 0x0000000710b00000, 0x0000000710b00000| Complete 
| 254|0x0000000710c00000, 0x0000000710d00000, 0x0000000710d00000|100%| E|CS|TAMS 0x0000000710c00000, 0x0000000710c00000| Complete 
| 255|0x0000000710d00000, 0x0000000710e00000, 0x0000000710e00000|100%| E|CS|TAMS 0x0000000710d00000, 0x0000000710d00000| Complete 

Card table byte_map: [0x0000025f3e6f0000,0x0000025f3eef0000] _byte_map_base: 0x0000025f3aee9000

Marking Bits (Prev, Next): (CMBitMap*) 0x0000025f245aa738, (CMBitMap*) 0x0000025f245aa770
 Prev Bits: [0x0000025f3f6f0000, 0x0000025f436b8000)
 Next Bits: [0x0000025f436c0000, 0x0000025f47688000)

Polling page: 0x0000025f24630000

Metaspace:

Usage:
  Non-class:     12.72 MB capacity,    12.50 MB ( 98%) used,   182.89 KB (  1%) free+waste,    40.56 KB ( <1%) overhead. 
      Class:      1.64 MB capacity,     1.43 MB ( 88%) used,   184.70 KB ( 11%) free+waste,    22.25 KB (  1%) overhead. 
       Both:     14.35 MB capacity,    13.93 MB ( 97%) used,   367.59 KB (  3%) free+waste,    62.81 KB ( <1%) overhead. 

Virtual space:
  Non-class space:       14.00 MB reserved,      12.75 MB ( 91%) committed 
      Class space:        1.00 GB reserved,       1.75 MB ( <1%) committed 
             Both:        1.01 GB reserved,      14.50 MB (  1%) committed 

Chunk freelists:
   Non-Class:  35.00 KB
       Class:  21.00 KB
        Both:  56.00 KB

MaxMetaspaceSize: 17179869184.00 GB
CompressedClassSpaceSize: 1.00 GB
Initial GC threshold: 20.80 MB
Current GC threshold: 20.80 MB
CDS: off

CodeHeap 'non-profiled nmethods': size=120000Kb used=340Kb max_used=340Kb free=119659Kb
 bounds [0x0000025f35f50000, 0x0000025f361c0000, 0x0000025f3d480000]
CodeHeap 'profiled nmethods': size=120000Kb used=1406Kb max_used=1406Kb free=118593Kb
 bounds [0x0000025f2ea20000, 0x0000025f2ec90000, 0x0000025f35f50000]
CodeHeap 'non-nmethods': size=5760Kb used=1266Kb max_used=1278Kb free=4493Kb
 bounds [0x0000025f2e480000, 0x0000025f2e6f0000, 0x0000025f2ea20000]
 total_blobs=1469 nmethods=911 adapters=471
 compilation: enabled
              stopped_count=0, restarted_count=0
 full_count=0

Compilation events (20 events):
Event: 1.124 Thread 0x0000025f4ab10800  902   !   3       sun.awt.AWTAutoShutdown::setToolkitBusy (124 bytes)
Event: 1.125 Thread 0x0000025f4ab10800 nmethod 902 0x0000025f2eb7ed10 code [0x0000025f2eb7ef40, 0x0000025f2eb7f6e8]
Event: 1.141 Thread 0x0000025f4ab10800  903       1       sun.java2d.SurfaceData::getSurfaceType (5 bytes)
Event: 1.141 Thread 0x0000025f4ab10800 nmethod 903 0x0000025f35fa3690 code [0x0000025f35fa3840, 0x0000025f35fa38f8]
Event: 1.148 Thread 0x0000025f4ab10800  904       1       sun.java2d.SurfaceData::isSurfaceLost (5 bytes)
Event: 1.148 Thread 0x0000025f4ab10800 nmethod 904 0x0000025f35fa3990 code [0x0000025f35fa3b40, 0x0000025f35fa3bf8]
Event: 1.192 Thread 0x0000025f4ab10800  905       1       sun.java2d.SurfaceData::getNativeOps (5 bytes)
Event: 1.192 Thread 0x0000025f4ab10800 nmethod 905 0x0000025f35fa3c90 code [0x0000025f35fa3e40, 0x0000025f35fa3ef8]
Event: 1.291 Thread 0x0000025f4ab10800  906       1       sun.java2d.SurfaceData::getColorModel (5 bytes)
Event: 1.291 Thread 0x0000025f4ab10800 nmethod 906 0x0000025f35fa3f90 code [0x0000025f35fa4140, 0x0000025f35fa41f8]
Event: 1.341 Thread 0x0000025f4ab10800  907       1       sun.awt.image.BufImgSurfaceManager::getPrimarySurfaceData (5 bytes)
Event: 1.341 Thread 0x0000025f4ab10800 nmethod 907 0x0000025f35fa4290 code [0x0000025f35fa4440, 0x0000025f35fa44f8]
Event: 1.525 Thread 0x0000025f4ab10800  908       1       sun.java2d.pipe.RenderQueue::getBuffer (5 bytes)
Event: 1.525 Thread 0x0000025f4ab10800 nmethod 908 0x0000025f35fa4590 code [0x0000025f35fa4740, 0x0000025f35fa47f8]
Event: 1.558 Thread 0x0000025f4ab10800  909       1       sun.java2d.pipe.Region::getLoX (5 bytes)
Event: 1.558 Thread 0x0000025f4ab10800 nmethod 909 0x0000025f35fa4890 code [0x0000025f35fa4a40, 0x0000025f35fa4af8]
Event: 1.558 Thread 0x0000025f4ab10800  910       1       sun.java2d.pipe.Region::getLoY (5 bytes)
Event: 1.558 Thread 0x0000025f4ab10800 nmethod 910 0x0000025f35fa4b90 code [0x0000025f35fa4d40, 0x0000025f35fa4df8]
Event: 1.558 Thread 0x0000025f4ab10800  911       1       sun.java2d.pipe.Region::getHiX (5 bytes)
Event: 1.558 Thread 0x0000025f4ab10800 nmethod 911 0x0000025f35fa4e90 code [0x0000025f35fa5040, 0x0000025f35fa50f8]

GC Heap History (0 events):
No events

Deoptimization events (16 events):
Event: 0.075 Thread 0x0000025f24548000 Uncommon trap: trap_request=0xffffff4d fr.pc=0x0000025f35f5449c relative=0x000000000000017c
Event: 0.075 Thread 0x0000025f24548000 Uncommon trap: reason=unstable_if action=reinterpret pc=0x0000025f35f5449c method=java.lang.String.hashCode()I @ 14 c2
Event: 0.075 Thread 0x0000025f24548000 DEOPT PACKING pc=0x0000025f35f5449c sp=0x000000eef76fd5f0
Event: 0.075 Thread 0x0000025f24548000 DEOPT UNPACKING pc=0x0000025f2e4ca1af sp=0x000000eef76fd588 mode 2
Event: 0.382 Thread 0x0000025f24548000 Uncommon trap: trap_request=0xffffff4d fr.pc=0x0000025f35f80c98 relative=0x00000000000004d8
Event: 0.382 Thread 0x0000025f24548000 Uncommon trap: reason=unstable_if action=reinterpret pc=0x0000025f35f80c98 method=java.lang.StringLatin1.replace([BCC)Ljava/lang/String; @ 19 c2
Event: 0.382 Thread 0x0000025f24548000 DEOPT PACKING pc=0x0000025f35f80c98 sp=0x000000eef76fe6f0
Event: 0.382 Thread 0x0000025f24548000 DEOPT UNPACKING pc=0x0000025f2e4ca1af sp=0x000000eef76fe660 mode 2
Event: 0.639 Thread 0x0000025f52a1d800 DEOPT PACKING pc=0x0000025f2eb78171 sp=0x000000eef8efef60
Event: 0.639 Thread 0x0000025f52a1d800 DEOPT UNPACKING pc=0x0000025f2e4ca95e sp=0x000000eef8efe4e0 mode 0
Event: 0.641 Thread 0x0000025f52a1d800 Uncommon trap: trap_request=0xffffff4d fr.pc=0x0000025f35f9fe34 relative=0x0000000000000154
Event: 0.641 Thread 0x0000025f52a1d800 Uncommon trap: reason=unstable_if action=reinterpret pc=0x0000025f35f9fe34 method=Game.run()V @ 59 c2
Event: 0.641 Thread 0x0000025f52a1d800 DEOPT PACKING pc=0x0000025f35f9fe34 sp=0x000000eef8eff080
Event: 0.641 Thread 0x0000025f52a1d800 DEOPT UNPACKING pc=0x0000025f2e4ca1af sp=0x000000eef8efefe8 mode 2
Event: 0.657 Thread 0x0000025f52a1d800 DEOPT PACKING pc=0x0000025f2eb7c571 sp=0x000000eef8efef60
Event: 0.657 Thread 0x0000025f52a1d800 DEOPT UNPACKING pc=0x0000025f2e4ca95e sp=0x000000eef8efe4e0 mode 0

Classes redefined (0 events):
No events

Internal exceptions (20 events):
Event: 0.181 Thread 0x0000025f24548000 Exception <a 'java/io/FileNotFoundException'{0x0000000710a1e788}> (0x0000000710a1e788) thrown at [./src/hotspot/share/prims/jni.cpp, line 617]
Event: 0.222 Thread 0x0000025f4b226000 Exception <a 'java/lang/NoSuchMethodError'{0x0000000710afb910}: 'void java.lang.invoke.DirectMethodHandle$Holder.invokeSpecial(java.lang.Object, java.lang.Object)'> (0x0000000710afb910) thrown at [./src/hotspot/share/interpreter/linkResolver.cpp, line 773]
Event: 0.225 Thread 0x0000025f24548000 Exception <a 'java/lang/NoSuchMethodError'{0x0000000710acb8b0}: 'java.lang.Object java.lang.invoke.DirectMethodHandle$Holder.invokeStatic(java.lang.Object, java.lang.Object, java.lang.Object, java.lang.Object, java.lang.Object, java.lang.Object, java.lang.Object, java.lang.Object, int)'> (0x0000000710acb8b0) thrown at [./src/hotspot/share/interpreter/linkResolver.cpp, line 773]
Event: 0.227 Thread 0x0000025f24548000 Exception <a 'java/lang/NoSuchMethodError'{0x0000000710ae5810}: 'java.lang.Object java.lang.invoke.DirectMethodHandle$Holder.invokeStatic(java.lang.Object, java.lang.Object, java.lang.Object, java.lang.Object, java.lang.Object, java.lang.Object, java.lang.Object, java.lang.Object, int, int)'> (0x0000000710ae5810) thrown at [./src/hotspot/share/interpreter/linkResolver.cpp, line 773]
Event: 0.352 Thread 0x0000025f24548000 Exception <a 'java/lang/NoSuchMethodError'{0x0000000710883300}: 'java.lang.Object java.lang.invoke.DirectMethodHandle$Holder.invokeStatic(java.lang.Object, int, java.lang.Object, java.lang.Object, java.lang.Object, java.lang.Object)'> (0x0000000710883300) thrown at [./src/hotspot/share/interpreter/linkResolver.cpp, line 773]
Event: 0.353 Thread 0x0000025f24548000 Exception <a 'java/lang/NoSuchMethodError'{0x000000071088a3c0}: 'java.lang.Object java.lang.invoke.DirectMethodHandle$Holder.invokeStatic(java.lang.Object, int, java.lang.Object, java.lang.Object, java.lang.Object)'> (0x000000071088a3c0) thrown at [./src/hotspot/share/interpreter/linkResolver.cpp, line 773]
Event: 0.353 Thread 0x0000025f24548000 Exception <a 'java/lang/NoSuchMethodError'{0x000000071088df08}: 'java.lang.Object java.lang.invoke.DirectMethodHandle$Holder.invokeSpecial(java.lang.Object, java.lang.Object, int, java.lang.Object, java.lang.Object, java.lang.Object)'> (0x000000071088df08) thrown at [./src/hotspot/share/interpreter/linkResolver.cpp, line 773]
Event: 0.355 Thread 0x0000025f24548000 Exception <a 'java/lang/NoSuchMethodError'{0x00000007108a57e8}: 'java.lang.Object java.lang.invoke.DirectMethodHandle$Holder.invokeStatic(java.lang.Object, int, java.lang.Object)'> (0x00000007108a57e8) thrown at [./src/hotspot/share/interpreter/linkResolver.cpp, line 773]
Event: 0.372 Thread 0x0000025f24548000 Exception <a 'java/lang/ClassNotFoundException'{0x0000000710750560}: com/sun/swing/internal/plaf/metal/resources/spi/metalProvider> (0x0000000710750560) thrown at [./src/hotspot/share/classfile/systemDictionary.cpp, line 230]
Event: 0.372 Thread 0x0000025f24548000 Exception <a 'java/lang/ClassNotFoundException'{0x0000000710755068}: com/sun/swing/internal/plaf/basic/resources/spi/basicProvider> (0x0000000710755068) thrown at [./src/hotspot/share/classfile/systemDictionary.cpp, line 230]
Event: 0.402 Thread 0x0000025f24548000 Exception <a 'java/lang/NoSuchMethodError'{0x00000007107e1a80}: 'java.lang.Object java.lang.invoke.DirectMethodHandle$Holder.invokeStatic(java.lang.Object, int, int, int, int)'> (0x00000007107e1a80) thrown at [./src/hotspot/share/interpreter/linkResolver.cpp, line 773]
Event: 0.402 Thread 0x0000025f24548000 Exception <a 'java/lang/NoSuchMethodError'{0x00000007107e4ba8}: 'java.lang.Object java.lang.invoke.DirectMethodHandle$Holder.invokeStaticInit(java.lang.Object, int, int, int, int)'> (0x00000007107e4ba8) thrown at [./src/hotspot/share/interpreter/linkResolver.cpp, line 773]
Event: 0.532 Thread 0x0000025f24548000 Exception <a 'java/lang/NoSuchMethodError'{0x00000007106d52e0}: 'java.lang.Object java.lang.invoke.DirectMethodHandle$Holder.invokeStatic(java.lang.Object, java.lang.Object, int, int, int, int)'> (0x00000007106d52e0) thrown at [./src/hotspot/share/interpreter/linkResolver.cpp, line 773]
Event: 0.532 Thread 0x0000025f24548000 Exception <a 'java/lang/NoSuchMethodError'{0x00000007106d8638}: 'java.lang.Object java.lang.invoke.DirectMethodHandle$Holder.invokeStaticInit(java.lang.Object, java.lang.Object, int, int, int, int)'> (0x00000007106d8638) thrown at [./src/hotspot/share/interpreter/linkResolver.cpp, line 773]
Event: 0.550 Thread 0x0000025f4b226000 Exception <a 'java/lang/NoSuchMethodError'{0x0000000710909148}: 'void java.lang.invoke.DirectMethodHandle$Holder.invokeVirtual(java.lang.Object, java.lang.Object)'> (0x0000000710909148) thrown at [./src/hotspot/share/interpreter/linkResolver.cpp, line 773]
Event: 0.562 Thread 0x0000025f24548000 Exception <a 'java/lang/NoSuchMethodError'{0x0000000710595820}: 'void java.lang.invoke.DirectMethodHandle$Holder.invokeStaticInit(java.lang.Object)'> (0x0000000710595820) thrown at [./src/hotspot/share/interpreter/linkResolver.cpp, line 773]
Event: 0.592 Thread 0x0000025f24548000 Exception <a 'java/lang/NoSuchMethodError'{0x00000007104db510}: 'java.lang.Object java.lang.invoke.DirectMethodHandle$Holder.invokeStatic(java.lang.Object, java.lang.Object, java.lang.Object, java.lang.Object, java.lang.Object, java.lang.Object, java.lang.Object, java.lang.Object, java.lang.Object, java.lang.Object, java.lang.Object, int)'> (0x00000007104db510) thrown at [./src/hotspot/share/interpreter/linkResolver.cpp, line 773]
Event: 0.593 Thread 0x0000025f24548000 Exception <a 'java/lang/NoSuchMethodError'{0x00000007104f99b8}: 'java.lang.Object java.lang.invoke.DirectMethodHandle$Holder.invokeStatic(java.lang.Object, java.lang.Object, java.lang.Object, java.lang.Object, java.lang.Object, java.lang.Object, java.lang.Object, java.lang.Object, java.lang.Object, java.lang.Object, java.lang.Object, int, int)'> (0x00000007104f99b8) thrown at [./src/hotspot/share/interpreter/linkResolver.cpp, line 773]
Event: 0.595 Thread 0x0000025f24548000 Exception <a 'java/lang/NoSuchMethodError'{0x0000000710318dd8}: 'java.lang.Object java.lang.invoke.DirectMethodHandle$Holder.invokeStatic(java.lang.Object, java.lang.Object, java.lang.Object, java.lang.Object, java.lang.Object, java.lang.Object, java.lang.Object, java.lang.Object, java.lang.Object, java.lang.Object, java.lang.Object, int, int, java.lang.Object)'> (0x0000000710318dd8) thrown at [./src/hotspot/share/interpreter/linkResolver.cpp, line 773]
Event: 0.595 Thread 0x0000025f24548000 Exception <a 'java/lang/NoSuchMethodError'{0x0000000710324d88}: 'java.lang.Object java.lang.invoke.Invokers$Holder.linkToTargetMethod(java.lang.Object, int, java.lang.Object)'> (0x0000000710324d88) thrown at [./src/hotspot/share/interpreter/linkResolver.cpp, line 773]

Events (20 events):
Event: 0.652 loading class java/awt/TextComponent done
Event: 0.652 loading class javax/swing/text/JTextComponent
Event: 0.652 loading class javax/swing/Scrollable
Event: 0.652 loading class javax/swing/Scrollable done
Event: 0.653 loading class javax/swing/text/JTextComponent done
Event: 0.758 Thread 0x0000025f4b15a800 Thread exited: 0x0000025f4b15a800
Event: 1.568 Executing VM operation: RevokeBias
Event: 1.569 Executing VM operation: RevokeBias done
Event: 1.569 Thread 0x0000025f4b15a800 Thread added: 0x0000025f4b15a800
Event: 1.569 Thread 0x0000025f52f7f800 Thread added: 0x0000025f52f7f800
Event: 1.569 Thread 0x0000025f52f80000 Thread added: 0x0000025f52f80000
Event: 1.569 Thread 0x0000025f52f7f800 Thread exited: 0x0000025f52f7f800
Event: 1.569 Executing VM operation: RevokeBias
Event: 1.569 Executing VM operation: RevokeBias done
Event: 1.569 Thread 0x0000025f52c49800 Thread exited: 0x0000025f52c49800
Event: 1.569 loading class java/util/WeakHashMap$KeyIterator
Event: 1.569 loading class java/util/WeakHashMap$HashIterator
Event: 1.569 loading class java/util/WeakHashMap$HashIterator done
Event: 1.569 loading class java/util/WeakHashMap$KeyIterator done
Event: 1.569 Thread 0x0000025f52f80000 Thread exited: 0x0000025f52f80000


Dynamic libraries:
0x00007ff6a7f30000 - 0x00007ff6a7f3d000 	C:\Program Files\Eclipse Adoptium\jdk-11.0.15.10-hotspot\bin\java.exe
0x00007fff23110000 - 0x00007fff23305000 	C:\Windows\SYSTEM32\ntdll.dll
0x00007fff220e0000 - 0x00007fff2219d000 	C:\Windows\System32\KERNEL32.DLL
0x00007fff20d40000 - 0x00007fff2100d000 	C:\Windows\System32\KERNELBASE.dll
0x00007fff20c40000 - 0x00007fff20d40000 	C:\Windows\System32\ucrtbase.dll
0x00007fff0bc20000 - 0x00007fff0bc37000 	C:\Program Files\Eclipse Adoptium\jdk-11.0.15.10-hotspot\bin\jli.dll
0x00007fff09870000 - 0x00007fff09885000 	C:\Program Files\Eclipse Adoptium\jdk-11.0.15.10-hotspot\bin\VCRUNTIME140.dll
0x00007fff22cb0000 - 0x00007fff22e50000 	C:\Windows\System32\USER32.dll
0x00007fff0d7a0000 - 0x00007fff0da3a000 	C:\Windows\WinSxS\amd64_microsoft.windows.common-controls_6595b64144ccf1df_6.0.19041.1110_none_60b5254171f9507e\COMCTL32.dll
0x00007fff208c0000 - 0x00007fff208e2000 	C:\Windows\System32\win32u.dll
0x00007fff21920000 - 0x00007fff219be000 	C:\Windows\System32\msvcrt.dll
0x00007fff21b70000 - 0x00007fff21b9a000 	C:\Windows\System32\GDI32.dll
0x00007fff20a50000 - 0x00007fff20b5b000 	C:\Windows\System32\gdi32full.dll
0x00007fff20820000 - 0x00007fff208bd000 	C:\Windows\System32\msvcp_win.dll
0x00007fff22ff0000 - 0x00007fff23020000 	C:\Windows\System32\IMM32.DLL
0x00007ffef22e0000 - 0x00007ffef237b000 	C:\Program Files\Eclipse Adoptium\jdk-11.0.15.10-hotspot\bin\msvcp140.dll
0x00007ffec5280000 - 0x00007ffec5e01000 	C:\Program Files\Eclipse Adoptium\jdk-11.0.15.10-hotspot\bin\server\jvm.dll
0x00007fff23020000 - 0x00007fff230ce000 	C:\Windows\System32\ADVAPI32.dll
0x00007fff21cf0000 - 0x00007fff21d8c000 	C:\Windows\System32\sechost.dll
0x00007fff21a40000 - 0x00007fff21b65000 	C:\Windows\System32\RPCRT4.dll
0x00007fff21160000 - 0x00007fff21168000 	C:\Windows\System32\PSAPI.DLL
0x00007fff0b760000 - 0x00007fff0b769000 	C:\Windows\SYSTEM32\WSOCK32.dll
0x00007fff19460000 - 0x00007fff1946a000 	C:\Windows\SYSTEM32\VERSION.dll
0x00007fff12520000 - 0x00007fff12547000 	C:\Windows\SYSTEM32\WINMM.dll
0x00007fff21d90000 - 0x00007fff21dfb000 	C:\Windows\System32\WS2_32.dll
0x00007fff1e740000 - 0x00007fff1e752000 	C:\Windows\SYSTEM32\kernel.appcore.dll
0x00007fff1b3f0000 - 0x00007fff1b400000 	C:\Program Files\Eclipse Adoptium\jdk-11.0.15.10-hotspot\bin\verify.dll
0x00007fff0eba0000 - 0x00007fff0ed84000 	C:\Windows\SYSTEM32\DBGHELP.DLL
0x00007fff0a4f0000 - 0x00007fff0a51c000 	C:\Windows\SYSTEM32\dbgcore.DLL
0x00007fff21010000 - 0x00007fff21092000 	C:\Windows\System32\bcryptPrimitives.dll
0x00007fff08090000 - 0x00007fff080b8000 	C:\Program Files\Eclipse Adoptium\jdk-11.0.15.10-hotspot\bin\java.dll
0x00007fff0eac0000 - 0x00007fff0eaca000 	C:\Program Files\Eclipse Adoptium\jdk-11.0.15.10-hotspot\bin\jimage.dll
0x00007fff09850000 - 0x00007fff09868000 	C:\Program Files\Eclipse Adoptium\jdk-11.0.15.10-hotspot\bin\zip.dll
0x00007fff22560000 - 0x00007fff22ca4000 	C:\Windows\System32\SHELL32.dll
0x00007fff1e940000 - 0x00007fff1f0d4000 	C:\Windows\SYSTEM32\windows.storage.dll
0x00007fff221a0000 - 0x00007fff224f4000 	C:\Windows\System32\combase.dll
0x00007fff20280000 - 0x00007fff202ac000 	C:\Windows\SYSTEM32\Wldp.dll
0x00007fff21fd0000 - 0x00007fff2207d000 	C:\Windows\System32\SHCORE.dll
0x00007fff215f0000 - 0x00007fff21645000 	C:\Windows\System32\shlwapi.dll
0x00007fff20760000 - 0x00007fff2077f000 	C:\Windows\SYSTEM32\profapi.dll
0x00007fff08070000 - 0x00007fff08089000 	C:\Program Files\Eclipse Adoptium\jdk-11.0.15.10-hotspot\bin\net.dll
0x00007fff11160000 - 0x00007fff1126a000 	C:\Windows\SYSTEM32\WINHTTP.dll
0x00007fff1ffe0000 - 0x00007fff2004a000 	C:\Windows\system32\mswsock.dll
0x00007fff08050000 - 0x00007fff08063000 	C:\Program Files\Eclipse Adoptium\jdk-11.0.15.10-hotspot\bin\nio.dll
0x00007ffec6d50000 - 0x00007ffec6eea000 	C:\Program Files\Eclipse Adoptium\jdk-11.0.15.10-hotspot\bin\awt.dll
0x00007fff21730000 - 0x00007fff217fd000 	C:\Windows\System32\OLEAUT32.dll
0x00007fff1e110000 - 0x00007fff1e1a0000 	C:\Windows\SYSTEM32\apphelp.dll
0x00007fff1e450000 - 0x00007fff1e47f000 	C:\Windows\system32\DWMAPI.DLL
0x00007fff1e260000 - 0x00007fff1e2fe000 	C:\Windows\system32\uxtheme.dll
0x00007ffeac580000 - 0x00007ffeac6a6000 	C:\Windows\system32\opengl32.dll
0x00007ffec6260000 - 0x00007ffec628c000 	C:\Windows\SYSTEM32\GLU32.dll
0x00007fff21800000 - 0x00007fff21915000 	C:\Windows\System32\MSCTF.dll
0x00007fff21bb0000 - 0x00007fff21cda000 	C:\Windows\System32\ole32.dll
0x00007fff20410000 - 0x00007fff20422000 	C:\Windows\SYSTEM32\msasn1.dll
0x00007fff198d0000 - 0x00007fff19901000 	C:\Windows\SYSTEM32\cryptnet.dll
0x00007fff208f0000 - 0x00007fff20a46000 	C:\Windows\System32\CRYPT32.dll
0x00007fff15a50000 - 0x00007fff15b98000 	C:\Windows\SYSTEM32\drvstore.dll
0x00007fff205d0000 - 0x00007fff205fc000 	C:\Windows\SYSTEM32\devobj.dll
0x00007fff210a0000 - 0x00007fff210ee000 	C:\Windows\System32\cfgmgr32.dll
0x00007fff201d0000 - 0x00007fff201dc000 	C:\Windows\SYSTEM32\cryptbase.dll
0x00007fff210f0000 - 0x00007fff21158000 	C:\Windows\System32\WINTRUST.DLL
0x00007fff21fb0000 - 0x00007fff21fcd000 	C:\Windows\System32\imagehlp.dll
0x00007fff201e0000 - 0x00007fff201f8000 	C:\Windows\SYSTEM32\CRYPTSP.dll
0x00007fff1f890000 - 0x00007fff1f8c4000 	C:\Windows\system32\rsaenh.dll
0x00007fff20c10000 - 0x00007fff20c37000 	C:\Windows\System32\bcrypt.dll
0x00007ffec4fb0000 - 0x00007ffec5275000 	C:\Windows\system32\nvspcap64.dll
0x00007fff1f5e0000 - 0x00007fff1f613000 	C:\Windows\SYSTEM32\ntmarta.dll
0x00007fff1f0f0000 - 0x00007fff1f113000 	C:\Windows\SYSTEM32\gpapi.dll
0x00007fff170c0000 - 0x00007fff170fb000 	C:\Windows\SYSTEM32\dxcore.dll
0x00007fff20720000 - 0x00007fff2074e000 	C:\Windows\SYSTEM32\USERENV.dll
0x00007fff1fc80000 - 0x00007fff1fcbb000 	C:\Windows\SYSTEM32\IPHLPAPI.DLL
0x00007fff21ba0000 - 0x00007fff21ba8000 	C:\Windows\System32\NSI.dll
0x00007fff1a0d0000 - 0x00007fff1a0e7000 	C:\Windows\SYSTEM32\dhcpcsvc6.DLL
0x00007fff1a710000 - 0x00007fff1a72d000 	C:\Windows\SYSTEM32\dhcpcsvc.DLL
0x00007fff1fcc0000 - 0x00007fff1fd8b000 	C:\Windows\SYSTEM32\DNSAPI.dll
0x00007ffef2eb0000 - 0x00007ffef2f36000 	C:\Program Files\Eclipse Adoptium\jdk-11.0.15.10-hotspot\bin\freetype.dll
0x00007ffeedbc0000 - 0x00007ffeedc66000 	C:\Program Files\Eclipse Adoptium\jdk-11.0.15.10-hotspot\bin\fontmanager.dll
0x00007fff17c20000 - 0x00007fff17d19000 	C:\Windows\SYSTEM32\textinputframework.dll
0x00007fff1db30000 - 0x00007fff1de8e000 	C:\Windows\System32\CoreUIComponents.dll
0x00007fff1de90000 - 0x00007fff1df82000 	C:\Windows\System32\CoreMessaging.dll
0x00007fff1d420000 - 0x00007fff1d574000 	C:\Windows\SYSTEM32\wintypes.dll

dbghelp: loaded successfully - version: 4.0.5 - missing functions: none
symbol engine: initialized successfully - sym options: 0x614 - pdb path: .;C:\Program Files\Eclipse Adoptium\jdk-11.0.15.10-hotspot\bin;C:\Windows\SYSTEM32;C:\Windows\WinSxS\amd64_microsoft.windows.common-controls_6595b64144ccf1df_6.0.19041.1110_none_60b5254171f9507e;C:\Program Files\Eclipse Adoptium\jdk-11.0.15.10-hotspot\bin\server;C:\Windows\System32\DriverStore\FileRepository\nv_dispig.inf_amd64_31a2adf8c49e7799

VM Arguments:
jvm_args: -Dfile.encoding=windows-1252 -Duser.country=BR -Duser.language=pt -Duser.variant 
java_command: MainKt
java_class_path (initial): C:\Users\jhone\IdeaProjects\Joguinho\build\classes\java\main;C:\Users\jhone\IdeaProjects\Joguinho\build\classes\kotlin\main;C:\Users\jhone\IdeaProjects\Joguinho\build\resources\main;C:\Users\jhone\.gradle\caches\modules-2\files-2.1\org.jetbrains.kotlin\kotlin-stdlib\1.4.10\ea29e063d2bbe695be13e9d044dcfb0c7add398e\kotlin-stdlib-1.4.10.jar;C:\Users\jhone\.gradle\caches\modules-2\files-2.1\org.jetbrains.kotlin\kotlin-stdlib-common\1.4.10\6229be3465805c99db1142ad75e6c6ddeac0b04c\kotlin-stdlib-common-1.4.10.jar;C:\Users\jhone\.gradle\caches\modules-2\files-2.1\org.jetbrains\annotations\13.0\919f0dfe192fb4e063e7dacadee7f8bb9a2672a9\annotations-13.0.jar
Launcher Type: SUN_STANDARD

[Global flags]
     intx CICompilerCount                          = 4                                         {product} {ergonomic}
     uint ConcGCThreads                            = 2                                         {product} {ergonomic}
     uint G1ConcRefinementThreads                  = 8                                         {product} {ergonomic}
   size_t G1HeapRegionSize                         = 1048576                                   {product} {ergonomic}
    uintx GCDrainStackTargetSize                   = 64                                        {product} {ergonomic}
   size_t InitialHeapSize                          = 268435456                                 {product} {ergonomic}
   size_t MarkStackSize                            = 4194304                                   {product} {ergonomic}
   size_t MaxHeapSize                              = 4280287232                                {product} {ergonomic}
   size_t MaxNewSize                               = 2567962624                                {product} {ergonomic}
   size_t MinHeapDeltaBytes                        = 1048576                                   {product} {ergonomic}
    uintx NonNMethodCodeHeapSize                   = 5836300                                {pd product} {ergonomic}
    uintx NonProfiledCodeHeapSize                  = 122910970                              {pd product} {ergonomic}
    uintx ProfiledCodeHeapSize                     = 122910970                              {pd product} {ergonomic}
    uintx ReservedCodeCacheSize                    = 251658240                              {pd product} {ergonomic}
     bool SegmentedCodeCache                       = true                                      {product} {ergonomic}
     bool UseCompressedClassPointers               = true                                 {lp64_product} {ergonomic}
     bool UseCompressedOops                        = true                                 {lp64_product} {ergonomic}
     bool UseG1GC                                  = true                                      {product} {ergonomic}
     bool UseLargePagesIndividualAllocation        = false                                  {pd product} {ergonomic}

Logging:
Log output configuration:
 #0: stdout all=warning uptime,level,tags
 #1: stderr all=off uptime,level,tags

Environment Variables:
JAVA_HOME=C:\Program Files\Eclipse Adoptium\jdk-11.0.15.10-hotspot\
PATH=C:\Program Files\Eclipse Adoptium\jdk-11.0.15.10-hotspot\bin;C:\Program Files\Eclipse Adoptium\jdk-17.0.2.8-hotspot\bin;C:\Windows\system32;C:\Windows;C:\Windows\System32\Wbem;C:\Windows\System32\WindowsPowerShell\v1.0\;C:\Windows\System32\OpenSSH\;C:\Program Files\Git\cmd;C:\Program Files (x86)\NVIDIA Corporation\PhysX\Common;C:\Program Files\NVIDIA Corporation\NVIDIA NvDLISR;C:\Program Files\dotnet\;C:\Users\jhone\AppData\Local\Microsoft\WindowsApps;C:\Users\jhone\.dotnet\tools
USERNAME=jhone
OS=Windows_NT
PROCESSOR_IDENTIFIER=Intel64 Family 6 Model 58 Stepping 9, GenuineIntel



---------------  S Y S T E M  ---------------

OS: Windows 10 , 64 bit Build 19041 (10.0.19041.1706)
OS uptime: 0 days 1:53 hours

CPU:total 8 (initial active 8) (4 cores per cpu, 2 threads per core) family 6 model 58 stepping 9 microcode 0x21, cmov, cx8, fxsr, mmx, sse, sse2, sse3, ssse3, sse4.1, sse4.2, popcnt, avx, aes, clmul, erms, ht, tsc, tscinvbit, tscinv

Memory: 4k page, system-wide physical 16326M (8595M free)
TotalPageFile size 20934M (AvailPageFile size 10534M)
current process WorkingSet (physical memory assigned to process): 82M, peak: 92M
current process commit charge ("private bytes"): 374M, peak: 383M

vm_info: OpenJDK 64-Bit Server VM (11.0.15+10) for windows-amd64 JRE (11.0.15+10), built on Apr 19 2022 22:29:44 by "" with unknown MS VC++:1916

END.
